2024-04-28 06:50:12Z Bf::get The remote server returned an error: (401) Unauthorized.
2024-04-28 06:58:55Z Bf::get The remote server returned an error: (401) Unauthorized.
2024-04-28 06:59:03Z onReceive message
2024-04-28 06:59:05Z onReceive message
2024-04-28 06:59:07Z onReceive message
2024-04-28 06:59:09Z onReceive message
2024-04-28 06:59:11Z onReceive message
2024-04-28 06:59:13Z onReceive message
2024-04-28 06:59:22Z onReceive message
2024-04-28 06:59:26Z onReceive message
2024-04-28 06:59:27Z onReceive message
2024-04-28 06:59:29Z onReceive message
2024-04-28 06:59:31Z onReceive message
2024-04-28 06:59:35Z onReceive message
2024-04-28 06:59:38Z onReceive message
2024-04-28 06:59:40Z onReceive message
2024-04-28 06:59:48Z onReceive message
2024-04-28 06:59:51Z onReceive message
2024-04-28 06:59:55Z onReceive message
2024-04-28 06:59:57Z onReceive message
2024-04-28 07:00:00Z onReceive message
2024-04-28 07:00:01Z onReceive message
2024-04-28 07:00:05Z onReceive message
2024-04-28 07:00:18Z onReceive message
2024-04-28 07:00:20Z onReceive message
2024-04-28 07:00:23Z onReceive message
2024-04-28 07:00:25Z onReceive message
2024-04-28 07:00:27Z onReceive message
2024-04-28 07:00:29Z onReceive message
2024-04-28 07:00:31Z onReceive message
2024-04-28 07:00:39Z onReceive message
2024-04-28 07:00:41Z onReceive message
2024-04-28 07:00:43Z onReceive message
2024-04-28 07:00:45Z onReceive message
2024-04-28 07:00:50Z onReceive message
2024-04-28 07:00:56Z onReceive message
2024-04-28 07:00:58Z onReceive message
2024-04-28 07:01:03Z onReceive message
2024-04-28 07:01:04Z onReceive message
2024-04-28 07:01:05Z onReceive message
2024-04-28 07:01:07Z onReceive message
2024-04-28 07:01:09Z onReceive message
2024-04-28 07:01:11Z onReceive message
2024-04-28 07:01:16Z onReceive message
2024-04-28 07:01:19Z onReceive message
2024-04-28 07:01:21Z onReceive message
2024-04-28 07:01:23Z onReceive message
2024-04-28 07:01:26Z onReceive message
2024-04-28 07:01:28Z onReceive message
2024-04-28 07:01:29Z onReceive message
2024-04-28 07:01:32Z onReceive message
2024-04-28 07:01:44Z onReceive message
2024-04-28 07:01:46Z onReceive message
2024-04-28 07:01:47Z onReceive message
2024-04-28 07:01:49Z onReceive message
2024-04-28 07:01:53Z onReceive message
2024-04-28 07:01:54Z onReceive message
2024-04-28 07:01:57Z onReceive message
2024-04-28 07:01:58Z onReceive message
2024-04-28 07:02:08Z onReceive message
2024-04-28 07:02:12Z onReceive message
2024-04-28 07:02:14Z onReceive message
2024-04-28 07:02:20Z onReceive message
2024-04-28 07:02:22Z onReceive message
2024-04-28 07:02:24Z onReceive message
2024-04-28 07:02:29Z onReceive message
2024-04-28 07:02:31Z onReceive message
2024-04-28 07:02:33Z onReceive message
2024-04-28 07:02:36Z onReceive message
2024-04-28 07:02:37Z onReceive message
2024-04-28 07:02:39Z onReceive message
2024-04-28 07:02:41Z onReceive message
2024-04-28 07:02:46Z onReceive message
2024-04-28 07:02:49Z onReceive message
2024-04-28 07:02:50Z onReceive message
2024-04-28 07:02:52Z onReceive message
2024-04-28 07:02:54Z onReceive message
2024-04-28 07:03:02Z onReceive message
2024-04-28 07:03:04Z onReceive message
2024-04-28 07:03:06Z onReceive message
2024-04-28 07:03:12Z onReceive message
2024-04-28 07:03:14Z onReceive message
2024-04-28 07:03:28Z onReceive message
2024-04-28 07:03:29Z onReceive message
2024-04-28 07:03:31Z onReceive message
2024-04-28 07:03:33Z onReceive message
2024-04-28 07:03:35Z onReceive message
2024-04-28 07:03:39Z onReceive message
2024-04-28 07:03:40Z onReceive message
2024-04-28 07:03:43Z onReceive message
2024-04-28 07:03:44Z onReceive message
2024-04-28 07:03:46Z onReceive message
2024-04-28 07:03:48Z onReceive message
2024-04-28 07:03:52Z onReceive message
2024-04-28 07:03:54Z onReceive message
2024-04-28 07:04:00Z onReceive message
2024-04-28 07:04:02Z onReceive message
2024-04-28 07:04:04Z onReceive message
2024-04-28 07:04:07Z onReceive message
2024-04-28 07:04:09Z onReceive message
2024-04-28 07:04:10Z onReceive message
2024-04-28 07:04:14Z onReceive message
2024-04-28 07:04:16Z onReceive message
2024-04-28 07:04:18Z onReceive message
2024-04-28 07:04:31Z onReceive message
2024-04-28 07:04:33Z onReceive message
2024-04-28 07:04:38Z onReceive message
2024-04-28 07:05:08Z Bf::get The remote server returned an error: (401) Unauthorized.
2024-04-28 07:05:18Z onReceive message
2024-04-28 07:05:24Z onReceive message
2024-04-28 07:05:33Z onReceive message
2024-04-28 07:05:45Z onReceive message
2024-04-28 07:05:56Z onReceive message
2024-04-28 07:05:58Z onReceive message
2024-04-28 07:06:16Z onReceive message
2024-04-28 07:06:19Z onReceive message
2024-04-28 07:06:22Z onReceive message
2024-04-28 07:06:33Z onReceive message
2024-04-28 07:06:37Z onReceive message
2024-04-28 07:06:39Z onReceive message
2024-04-28 07:06:43Z onReceive message
2024-04-28 07:06:45Z onReceive message
2024-04-28 07:06:45Z onReceive message
2024-04-28 07:07:01Z onReceive message
2024-04-28 07:07:07Z onReceive message
2024-04-28 07:07:18Z onReceive message
2024-04-28 07:07:20Z onReceive message
2024-04-28 07:07:22Z onReceive message
2024-04-28 07:07:27Z onReceive message
2024-04-28 07:07:31Z onReceive message
2024-04-28 07:07:33Z onReceive message
2024-04-28 07:07:34Z onReceive message
2024-04-28 07:07:36Z onReceive message
2024-04-28 07:07:38Z onReceive message
2024-04-28 07:07:43Z onReceive message
2024-04-28 07:07:46Z onReceive message
2024-04-28 07:07:47Z onReceive message
2024-04-28 07:07:57Z onReceive message
2024-04-28 07:07:58Z onReceive message
2024-04-28 07:08:00Z onReceive message
2024-04-28 07:08:02Z onReceive message
2024-04-28 07:08:04Z onReceive message
2024-04-28 07:08:09Z onReceive message
2024-04-28 07:08:12Z onReceive message
2024-04-28 07:08:16Z onReceive message
2024-04-28 07:08:17Z onReceive message
2024-04-28 07:08:19Z onReceive message
2024-04-28 07:08:26Z onReceive message
2024-04-28 07:08:28Z onReceive message
2024-04-28 07:08:30Z onReceive message
2024-04-28 07:08:32Z onReceive message
2024-04-28 07:08:36Z onReceive message
2024-04-28 07:08:38Z onReceive message
2024-04-28 07:08:40Z onReceive message
2024-04-28 07:08:47Z onReceive message
2024-04-28 07:08:50Z onReceive message
2024-04-28 07:08:51Z onReceive message
2024-04-28 07:08:53Z onReceive message
2024-04-28 07:08:55Z onReceive message
2024-04-28 07:08:57Z onReceive message
2024-04-28 07:09:01Z onReceive message
2024-04-28 07:09:03Z onReceive message
2024-04-28 07:09:07Z onReceive message
2024-04-28 07:09:14Z onReceive message
2024-04-28 07:09:17Z onReceive message
2024-04-28 07:09:19Z onReceive message
2024-04-28 07:09:21Z onReceive message
2024-04-28 07:09:28Z onReceive message
2024-04-28 07:09:32Z onReceive message
2024-04-28 07:09:35Z onReceive message
2024-04-28 07:09:38Z onReceive message
2024-04-28 07:09:44Z onReceive message
2024-04-28 07:09:52Z onReceive message
2024-04-28 07:09:54Z onReceive message
2024-04-28 07:09:57Z onReceive message
2024-04-28 07:10:00Z onReceive message
2024-04-28 07:10:04Z onReceive message
2024-04-28 07:10:08Z onReceive message
2024-04-28 07:10:22Z onReceive message
2024-04-28 07:10:35Z onReceive message
2024-04-28 07:10:37Z onReceive message
2024-04-28 07:10:38Z onReceive message
2024-04-28 07:10:40Z onReceive message
2024-04-28 07:10:42Z onReceive message
2024-04-28 07:10:44Z onReceive message
2024-04-28 07:10:48Z onReceive message
2024-04-28 07:10:50Z onReceive message
2024-04-28 07:10:52Z onReceive message
2024-04-28 07:10:54Z onReceive message
2024-04-28 07:10:56Z onReceive message
2024-04-28 07:11:01Z onReceive message
2024-04-28 07:11:10Z onReceive message
2024-04-28 07:11:10Z onReceive message
2024-04-28 07:11:15Z onReceive message
2024-04-28 07:11:19Z onReceive message
2024-04-28 07:11:21Z onReceive message
2024-04-28 07:11:29Z onReceive message
2024-04-28 07:11:33Z onReceive message
2024-04-28 07:11:37Z onReceive message
2024-04-28 07:11:43Z onReceive message
2024-04-28 07:11:49Z onReceive message
2024-04-28 07:11:53Z onReceive message
2024-04-28 07:11:55Z onReceive message
2024-04-28 07:11:57Z onReceive message
2024-04-28 07:11:59Z onReceive message
2024-04-28 07:12:00Z onReceive message
2024-04-28 07:12:02Z onReceive message
2024-04-28 07:12:10Z onReceive message
2024-04-28 07:12:14Z onReceive message
2024-04-28 07:12:20Z onReceive message
2024-04-28 07:12:31Z onReceive message
2024-04-28 07:12:32Z onReceive message
2024-04-28 07:12:35Z onReceive message
2024-04-28 07:12:36Z onReceive message
2024-04-28 07:12:40Z onReceive message
2024-04-28 07:12:50Z onReceive message
2024-04-28 07:12:52Z onReceive message
2024-04-28 07:12:53Z onReceive message
2024-04-28 07:12:56Z onReceive message
2024-04-28 07:12:59Z onReceive message
2024-04-28 07:13:07Z onReceive message
2024-04-28 07:13:10Z onReceive message
2024-04-28 07:13:11Z onReceive message
2024-04-28 07:13:22Z onReceive message
2024-04-28 07:13:25Z onReceive message
2024-04-28 07:13:26Z onReceive message
2024-04-28 07:13:33Z onReceive message
2024-04-28 07:13:35Z onReceive message
2024-04-28 07:13:36Z onReceive message
2024-04-28 07:13:38Z onReceive message
2024-04-28 07:13:45Z onReceive message
2024-04-28 07:13:48Z onReceive message
2024-04-28 07:13:51Z onReceive message
2024-04-28 07:13:59Z onReceive message
2024-04-28 07:14:02Z onReceive message
2024-04-28 07:14:04Z onReceive message
2024-04-28 07:14:06Z onReceive message
2024-04-28 07:14:11Z onReceive message
2024-04-28 07:14:15Z onReceive message
2024-04-28 07:14:19Z onReceive message
2024-04-28 07:14:21Z onReceive message
2024-04-28 07:14:33Z onReceive message
2024-04-28 07:14:33Z onReceive message
2024-04-28 07:14:36Z onReceive message
2024-04-28 07:14:44Z onReceive message
2024-04-28 07:14:48Z onReceive message
2024-04-28 07:14:50Z onReceive message
2024-04-28 07:15:02Z onReceive message
2024-04-28 07:15:04Z onReceive message
2024-04-28 07:15:06Z onReceive message
2024-04-28 07:15:11Z onReceive message
2024-04-28 07:15:14Z onReceive message
2024-04-28 07:15:21Z onReceive message
2024-04-28 07:15:25Z onReceive message
2024-04-28 07:15:31Z onReceive message
2024-04-28 07:15:32Z onReceive message
2024-04-28 07:15:38Z onReceive message
2024-04-28 07:15:40Z onReceive message
2024-04-28 07:15:43Z onReceive message
2024-04-28 07:15:44Z onReceive message
2024-04-28 07:15:49Z onReceive message
2024-04-28 07:15:51Z onReceive message
2024-04-28 07:15:55Z onReceive message
2024-04-28 07:15:56Z onReceive message
2024-04-28 07:16:02Z onReceive message
2024-04-28 07:16:02Z onReceive message
2024-04-28 07:16:05Z onReceive message
2024-04-28 07:16:11Z onReceive message
2024-04-28 07:16:19Z onReceive message
2024-04-28 07:16:21Z onReceive message
2024-04-28 07:16:23Z onReceive message
2024-04-28 07:16:33Z onReceive message
2024-04-28 07:16:35Z onReceive message
2024-04-28 07:16:37Z onReceive message
2024-04-28 07:16:44Z onReceive message
2024-04-28 07:16:46Z onReceive message
2024-04-28 07:16:48Z onReceive message
2024-04-28 07:16:51Z onReceive message
2024-04-28 07:17:02Z onReceive message
2024-04-28 07:17:06Z onReceive message
2024-04-28 07:17:11Z onReceive message
2024-04-28 07:17:18Z onReceive message
2024-04-28 07:17:26Z onReceive message
2024-04-28 07:17:30Z onReceive message
2024-04-28 07:17:32Z onReceive message
2024-04-28 07:17:34Z onReceive message
2024-04-28 07:17:36Z onReceive message
2024-04-28 07:17:40Z onReceive message
2024-04-28 07:17:43Z onReceive message
2024-04-28 07:17:49Z onReceive message
2024-04-28 07:17:56Z onReceive message
2024-04-28 07:17:57Z onReceive message
2024-04-28 07:18:10Z onReceive message
2024-04-28 07:18:14Z onReceive message
2024-04-28 07:18:29Z onReceive message
2024-04-28 07:18:31Z onReceive message
2024-04-28 07:18:41Z onReceive message
2024-04-28 07:18:42Z onReceive message
2024-04-28 07:18:49Z onReceive message
2024-04-28 07:18:58Z onReceive message
2024-04-28 07:19:02Z onReceive message
2024-04-28 07:19:03Z onReceive message
2024-04-28 07:19:07Z onReceive message
2024-04-28 07:19:09Z onReceive message
2024-04-28 07:19:13Z onReceive message
2024-04-28 07:19:16Z onReceive message
2024-04-28 07:19:21Z onReceive message
2024-04-28 07:19:28Z onReceive message
2024-04-28 07:19:31Z onReceive message
2024-04-28 07:19:33Z onReceive message
2024-04-28 07:19:36Z onReceive message
2024-04-28 07:19:40Z onReceive message
2024-04-28 07:19:44Z onReceive message
2024-04-28 07:19:47Z onReceive message
2024-04-28 07:19:48Z onReceive message
2024-04-28 07:19:50Z onReceive message
2024-04-28 07:19:56Z onReceive message
2024-04-28 07:19:59Z onReceive message
2024-04-28 07:20:01Z onReceive message
2024-04-28 07:20:03Z onReceive message
2024-04-28 07:20:05Z onReceive message
2024-04-28 07:20:07Z onReceive message
2024-04-28 07:20:09Z onReceive message
2024-04-28 07:20:14Z onReceive message
2024-04-28 07:20:17Z onReceive message
2024-04-28 07:20:25Z onReceive message
2024-04-28 07:20:34Z onReceive message
2024-04-28 07:20:39Z onReceive message
2024-04-28 07:20:42Z onReceive message
2024-04-28 07:20:52Z onReceive message
2024-04-28 07:20:57Z onReceive message
2024-04-28 07:20:57Z onReceive message
2024-04-28 07:21:02Z onReceive message
2024-04-28 07:21:04Z onReceive message
2024-04-28 07:21:08Z onReceive message
2024-04-28 07:21:15Z onReceive message
2024-04-28 07:21:20Z onReceive message
2024-04-28 07:21:24Z onReceive message
2024-04-28 07:21:25Z onReceive message
2024-04-28 07:21:28Z onReceive message
2024-04-28 07:21:29Z onReceive message
2024-04-28 07:21:31Z onReceive message
2024-04-28 07:21:39Z onReceive message
2024-04-28 07:21:41Z onReceive message
2024-04-28 07:21:48Z onReceive message
2024-04-28 07:21:53Z onReceive message
2024-04-28 07:21:55Z onReceive message
2024-04-28 07:21:59Z onReceive message
2024-04-28 07:22:02Z onReceive message
2024-04-28 07:22:03Z onReceive message
2024-04-28 07:22:06Z onReceive message
2024-04-28 07:22:10Z onReceive message
2024-04-28 07:22:11Z onReceive message
2024-04-28 07:22:15Z onReceive message
2024-04-28 07:22:17Z onReceive message
2024-04-28 07:22:19Z onReceive message
2024-04-28 07:22:28Z onReceive message
2024-04-28 07:22:32Z onReceive message
2024-04-28 07:22:34Z onReceive message
2024-04-28 07:22:42Z onReceive message
2024-04-28 07:22:43Z onReceive message
2024-04-28 07:22:47Z onReceive message
2024-04-28 07:22:52Z onReceive message
2024-04-28 07:22:56Z onReceive message
2024-04-28 07:22:58Z onReceive message
2024-04-28 07:23:06Z onReceive message
2024-04-28 07:23:12Z onReceive message
2024-04-28 07:23:30Z onReceive message
2024-04-28 07:23:34Z onReceive message
2024-04-28 07:23:35Z onReceive message
2024-04-28 07:23:36Z onReceive message
2024-04-28 07:23:42Z onReceive message
2024-04-28 07:23:43Z onReceive message
2024-04-28 07:23:52Z onReceive message
2024-04-28 07:23:53Z onReceive message
2024-04-28 07:23:54Z onReceive message
2024-04-28 07:23:56Z onReceive message
2024-04-28 07:24:06Z onReceive message
2024-04-28 07:24:08Z onReceive message
2024-04-28 07:24:09Z onReceive message
2024-04-28 07:24:12Z onReceive message
2024-04-28 07:24:13Z onReceive message
2024-04-28 07:24:16Z onReceive message
2024-04-28 07:24:20Z onReceive message
2024-04-28 07:24:22Z onReceive message
2024-04-28 07:24:32Z onReceive message
2024-04-28 07:24:34Z onReceive message
2024-04-28 07:24:39Z onReceive message
2024-04-28 07:24:40Z onReceive message
2024-04-28 07:24:41Z Bf::get The remote server returned an error: (401) Unauthorized.
2024-04-28 07:24:50Z onReceive message
2024-04-28 07:24:52Z onReceive message
2024-04-28 07:25:02Z onReceive message
2024-04-28 07:25:03Z onReceive message
2024-04-28 07:25:06Z onReceive message
2024-04-28 07:25:14Z onReceive message
2024-04-28 07:25:18Z onReceive message
2024-04-28 07:25:24Z onReceive message
2024-04-28 07:25:28Z onReceive message
2024-04-28 07:25:39Z onReceive message
2024-04-28 07:25:41Z onReceive message
2024-04-28 07:25:43Z onReceive message
2024-04-28 07:25:44Z onReceive message
2024-04-28 07:25:47Z onReceive message
2024-04-28 07:25:51Z onReceive message
2024-04-28 07:25:53Z onReceive message
2024-04-28 07:25:53Z onReceive message
2024-04-28 07:25:55Z onReceive message
2024-04-28 07:26:14Z onReceive message
2024-04-28 07:26:15Z onReceive message
2024-04-28 07:26:18Z onReceive message
2024-04-28 07:26:21Z onReceive message
2024-04-28 07:26:23Z onReceive message
2024-04-28 07:26:30Z onReceive message
2024-04-28 07:26:36Z onReceive message
2024-04-28 07:26:38Z onReceive message
2024-04-28 07:26:44Z onReceive message
2024-04-28 07:26:46Z onReceive message
2024-04-28 07:26:49Z onReceive message
2024-04-28 07:26:52Z onReceive message
2024-04-28 07:26:53Z onReceive message
2024-04-28 07:26:55Z onReceive message
2024-04-28 07:26:57Z onReceive message
2024-04-28 07:27:00Z onReceive message
2024-04-28 07:27:04Z onReceive message
2024-04-28 07:27:12Z onReceive message
2024-04-28 07:27:13Z onReceive message
2024-04-28 07:27:20Z onReceive message
2024-04-28 07:27:23Z onReceive message
2024-04-28 07:27:27Z onReceive message
2024-04-28 07:27:29Z onReceive message
2024-04-28 07:27:35Z onReceive message
2024-04-28 07:27:44Z onReceive message
2024-04-28 07:27:53Z onReceive message
2024-04-28 07:28:00Z onReceive message
2024-04-28 07:28:03Z onReceive message
2024-04-28 07:28:04Z onReceive message
2024-04-28 07:28:07Z onReceive message
2024-04-28 07:28:09Z onReceive message
2024-04-28 07:28:16Z onReceive message
2024-04-28 07:28:20Z onReceive message
2024-04-28 07:28:28Z onReceive message
2024-04-28 07:28:32Z onReceive message
2024-04-28 07:28:36Z onReceive message
2024-04-28 07:28:47Z onReceive message
2024-04-28 07:28:50Z onReceive message
2024-04-28 07:28:55Z onReceive message
2024-04-28 07:28:58Z onReceive message
2024-04-28 07:29:00Z onReceive message
2024-04-28 07:29:01Z onReceive message
2024-04-28 07:29:02Z onReceive message
2024-04-28 07:29:04Z onReceive message
2024-04-28 07:29:06Z onReceive message
2024-04-28 07:29:08Z onReceive message
2024-04-28 07:29:11Z onReceive message
2024-04-28 07:29:20Z onReceive message
2024-04-28 07:29:25Z onReceive message
2024-04-28 07:29:31Z onReceive message
2024-04-28 07:29:34Z onReceive message
2024-04-28 07:29:38Z onReceive message
2024-04-28 07:29:44Z onReceive message
2024-04-28 07:29:53Z onReceive message
2024-04-28 07:30:00Z onReceive message
2024-04-28 07:30:02Z onReceive message
2024-04-28 07:30:06Z onReceive message
2024-04-28 07:30:09Z onReceive message
2024-04-28 07:30:13Z onReceive message
2024-04-28 07:30:14Z onReceive message
2024-04-28 07:30:30Z onReceive message
2024-04-28 07:30:45Z onReceive message
2024-04-28 07:30:50Z onReceive message
2024-04-28 07:30:51Z onReceive message
2024-04-28 07:30:56Z onReceive message
2024-04-28 07:30:58Z onReceive message
2024-04-28 07:31:04Z onReceive message
2024-04-28 07:31:05Z onReceive message
2024-04-28 07:31:08Z onReceive message
2024-04-28 07:31:12Z onReceive message
2024-04-28 07:31:17Z onReceive message
2024-04-28 07:31:19Z onReceive message
2024-04-28 07:31:21Z onReceive message
2024-04-28 07:31:25Z onReceive message
2024-04-28 07:31:28Z onReceive message
2024-04-28 07:31:30Z onReceive message
2024-04-28 07:31:42Z onReceive message
2024-04-28 07:31:46Z onReceive message
2024-04-28 07:31:47Z onReceive message
2024-04-28 07:31:51Z onReceive message
2024-04-28 07:31:56Z onReceive message
2024-04-28 07:32:04Z onReceive message
2024-04-28 07:32:06Z onReceive message
2024-04-28 07:32:08Z onReceive message
2024-04-28 07:32:12Z onReceive message
2024-04-28 07:32:15Z onReceive message
2024-04-28 07:32:31Z onReceive message
2024-04-28 07:32:34Z onReceive message
2024-04-28 07:32:36Z onReceive message
2024-04-28 07:32:39Z onReceive message
2024-04-28 07:32:42Z onReceive message
2024-04-28 07:32:49Z onReceive message
2024-04-28 07:32:52Z onReceive message
2024-04-28 07:33:07Z onReceive message
2024-04-28 07:33:09Z onReceive message
2024-04-28 07:33:13Z onReceive message
2024-04-28 07:33:16Z onReceive message
2024-04-28 07:33:18Z onReceive message
2024-04-28 07:33:20Z onReceive message
2024-04-28 07:33:21Z onReceive message
2024-04-28 07:33:26Z onReceive message
2024-04-28 07:33:27Z onReceive message
2024-04-28 07:33:30Z onReceive message
2024-04-28 07:33:34Z onReceive message
2024-04-28 07:33:36Z onReceive message
2024-04-28 07:33:39Z onReceive message
2024-04-28 07:33:42Z onReceive message
2024-04-28 07:33:44Z onReceive message
2024-04-28 07:33:47Z onReceive message
2024-04-28 07:33:50Z onReceive message
2024-04-28 07:33:54Z onReceive message
2024-04-28 07:33:58Z onReceive message
2024-04-28 07:34:03Z onReceive message
2024-04-28 07:34:29Z onReceive message
2024-04-28 07:34:30Z onReceive message
2024-04-28 07:34:32Z onReceive message
2024-04-28 07:34:35Z onReceive message
2024-04-28 07:34:38Z onReceive message
2024-04-28 07:34:39Z onReceive message
2024-04-28 07:34:42Z onReceive message
2024-04-28 07:34:47Z onReceive message
2024-04-28 07:34:48Z onReceive message
2024-04-28 07:34:50Z onReceive message
2024-04-28 07:34:51Z onReceive message
2024-04-28 07:34:56Z onReceive message
2024-04-28 07:34:58Z onReceive message
2024-04-28 07:35:05Z onReceive message
2024-04-28 07:35:16Z onReceive message
2024-04-28 07:35:19Z onReceive message
2024-04-28 07:35:23Z onReceive message
2024-04-28 07:35:31Z onReceive message
2024-04-28 07:35:35Z onReceive message
2024-04-28 07:35:38Z onReceive message
2024-04-28 07:35:44Z onReceive message
2024-04-28 07:35:47Z onReceive message
2024-04-28 07:35:48Z onReceive message
2024-04-28 07:35:52Z onReceive message
2024-04-28 07:35:55Z onReceive message
2024-04-28 07:35:58Z onReceive message
2024-04-28 07:35:59Z onReceive message
2024-04-28 07:36:08Z onReceive message
2024-04-28 07:36:14Z onReceive message
2024-04-28 07:36:24Z onReceive message
2024-04-28 07:36:33Z onReceive message
2024-04-28 07:36:41Z onReceive message
2024-04-28 07:36:49Z onReceive message
2024-04-28 07:38:48Z Bf::get The remote server returned an error: (401) Unauthorized.
2024-04-28 07:38:55Z onReceive message
2024-04-28 07:38:57Z onReceive message
2024-04-28 07:39:04Z onReceive message
2024-04-28 07:39:06Z onReceive message
2024-04-28 07:39:11Z onReceive message
2024-04-28 07:39:24Z onReceive message
2024-04-28 07:39:31Z onReceive message
2024-04-28 07:39:35Z onReceive message
2024-04-28 07:39:40Z onReceive message
2024-04-28 07:39:48Z onReceive message
2024-04-28 07:39:50Z onReceive message
2024-04-28 07:39:58Z onReceive message
2024-04-28 07:40:04Z onReceive message
2024-04-28 07:40:06Z onReceive message
2024-04-28 07:40:09Z onReceive message
2024-04-28 07:40:22Z onReceive message
2024-04-28 07:40:25Z onReceive message
2024-04-28 07:40:33Z onReceive message
2024-04-28 07:40:38Z onReceive message
2024-04-28 07:40:39Z onReceive message
2024-04-28 07:40:41Z onReceive message
2024-04-28 07:40:42Z onReceive message
2024-04-28 07:40:44Z onReceive message
2024-04-28 07:40:46Z onReceive message
2024-04-28 07:40:56Z onReceive message
2024-04-28 07:41:02Z onReceive message
2024-04-28 07:41:03Z onReceive message
2024-04-28 07:41:05Z onReceive message
2024-04-28 07:41:07Z onReceive message
2024-04-28 07:41:11Z onReceive message
2024-04-28 07:41:13Z onReceive message
2024-04-28 07:41:16Z onReceive message
2024-04-28 07:41:19Z onReceive message
2024-04-28 07:41:20Z onReceive message
2024-04-28 07:41:27Z onReceive message
2024-04-28 07:41:28Z onReceive message
2024-04-28 07:41:31Z onReceive message
2024-04-28 07:41:34Z onReceive message
2024-04-28 07:41:42Z onReceive message
2024-04-28 07:41:45Z onReceive message
2024-04-28 07:41:50Z onReceive message
2024-04-28 07:41:51Z onReceive message
2024-04-28 07:41:55Z onReceive message
2024-04-28 07:41:59Z onReceive message
2024-04-28 07:42:04Z onReceive message
2024-04-28 07:42:08Z onReceive message
2024-04-28 07:42:10Z onReceive message
2024-04-28 07:42:12Z onReceive message
2024-04-28 07:42:14Z onReceive message
2024-04-28 07:42:15Z onReceive message
2024-04-28 07:42:19Z onReceive message
2024-04-28 07:42:24Z onReceive message
2024-04-28 07:42:26Z onReceive message
2024-04-28 07:42:28Z onReceive message
2024-04-28 07:42:30Z onReceive message
2024-04-28 07:42:35Z onReceive message
2024-04-28 07:42:39Z onReceive message
2024-04-28 07:42:40Z onReceive message
2024-04-28 07:42:48Z onReceive message
2024-04-28 07:42:54Z onReceive message
2024-04-28 07:42:56Z onReceive message
2024-04-28 07:42:59Z onReceive message
2024-04-28 07:43:03Z onReceive message
2024-04-28 07:43:07Z onReceive message
2024-04-28 07:43:12Z onReceive message
2024-04-28 07:43:12Z onReceive message
2024-04-28 07:43:16Z onReceive message
2024-04-28 07:43:23Z onReceive message
2024-04-28 07:43:23Z onReceive message
2024-04-28 07:43:28Z onReceive message
2024-04-28 07:43:28Z onReceive message
2024-04-28 07:43:36Z onReceive message
2024-04-28 07:43:36Z onReceive message
2024-04-28 07:43:36Z onReceive message
2024-04-28 07:43:47Z onReceive message
2024-04-28 07:43:47Z onReceive message
2024-04-28 07:43:47Z onReceive message
2024-04-28 07:43:47Z onReceive message
2024-04-28 07:44:01Z onReceive message
2024-04-28 07:44:01Z onReceive message
2024-04-28 07:44:01Z onReceive message
2024-04-28 07:44:01Z onReceive message
2024-04-28 07:44:01Z onReceive message
2024-04-28 07:44:19Z onReceive message
2024-04-28 07:44:19Z onReceive message
2024-04-28 07:44:19Z onReceive message
2024-04-28 07:44:19Z onReceive message
2024-04-28 07:44:19Z onReceive message
2024-04-28 07:44:19Z onReceive message
2024-04-28 07:44:34Z onReceive message
2024-04-28 07:44:34Z onReceive message
2024-04-28 07:44:34Z onReceive message
2024-04-28 07:44:34Z onReceive message
2024-04-28 07:44:56Z onReceive message
2024-04-28 07:44:56Z onReceive message
2024-04-28 07:44:56Z onReceive message
2024-04-28 07:44:56Z onReceive message
2024-04-28 07:44:56Z onReceive message
2024-04-28 07:44:56Z onReceive message
2024-04-28 07:44:56Z onReceive message
2024-04-28 07:45:11Z onReceive message
2024-04-28 07:45:11Z onReceive message
2024-04-28 07:45:11Z onReceive message
2024-04-28 07:45:11Z onReceive message
2024-04-28 07:45:15Z onReceive message
2024-04-28 07:45:15Z onReceive message
2024-04-28 07:45:15Z onReceive message
2024-04-28 07:45:18Z onReceive message
2024-04-28 07:45:18Z onReceive message
2024-04-28 07:45:21Z onReceive message
2024-04-28 07:45:25Z onReceive message
2024-04-28 07:45:30Z onReceive message
2024-04-28 07:45:32Z onReceive message
2024-04-28 07:45:34Z onReceive message
2024-04-28 07:45:37Z onReceive message
2024-04-28 07:45:44Z onReceive message
2024-04-28 07:45:44Z onReceive message
2024-04-28 07:45:47Z onReceive message
2024-04-28 07:45:50Z onReceive message
2024-04-28 07:45:55Z onReceive message
2024-04-28 07:45:57Z onReceive message
2024-04-28 07:46:00Z onReceive message
2024-04-28 07:46:08Z onReceive message
2024-04-28 07:46:08Z onReceive message
2024-04-28 07:46:14Z onReceive message
2024-04-28 07:46:14Z onReceive message
2024-04-28 07:46:22Z onReceive message
2024-04-28 07:46:22Z onReceive message
2024-04-28 07:46:22Z onReceive message
2024-04-28 07:46:30Z onReceive message
2024-04-28 07:46:30Z onReceive message
2024-04-28 07:46:41Z onReceive message
2024-04-28 07:46:41Z onReceive message
2024-04-28 07:46:41Z onReceive message
2024-04-28 07:46:55Z onReceive message
2024-04-28 07:46:55Z onReceive message
2024-04-28 07:46:55Z onReceive message
2024-04-28 07:46:55Z onReceive message
2024-04-28 07:46:55Z onReceive message
2024-04-28 07:46:55Z onReceive message
2024-04-28 07:46:58Z onReceive message
2024-04-28 07:47:00Z onReceive message
2024-04-28 07:47:02Z onReceive message
2024-04-28 07:47:05Z onReceive message
2024-04-28 07:47:13Z onReceive message
2024-04-28 07:47:15Z onReceive message
2024-04-28 07:47:19Z onReceive message
2024-04-28 07:47:24Z onReceive message
2024-04-28 07:47:24Z onReceive message
2024-04-28 07:47:26Z onReceive message
2024-04-28 07:47:35Z onReceive message
2024-04-28 07:47:40Z onReceive message
2024-04-28 07:47:42Z onReceive message
2024-04-28 07:47:46Z onReceive message
2024-04-28 07:47:49Z onReceive message
2024-04-28 07:47:53Z onReceive message
2024-04-28 07:47:58Z onReceive message
2024-04-28 07:48:00Z onReceive message
2024-04-28 07:48:02Z onReceive message
2024-04-28 07:48:56Z onReceive message
2024-04-28 07:49:00Z onReceive message
2024-04-28 07:49:02Z onReceive message
2024-04-28 07:49:06Z onReceive message
2024-04-28 07:49:10Z onReceive message
2024-04-28 07:49:14Z onReceive message
2024-04-28 07:49:18Z onReceive message
2024-04-28 07:49:23Z onReceive message
2024-04-28 07:49:23Z onReceive message
2024-04-28 07:49:29Z onReceive message
2024-04-28 07:49:29Z onReceive message
2024-04-28 07:49:38Z onReceive message
2024-04-28 07:49:38Z onReceive message
2024-04-28 07:49:38Z onReceive message
2024-04-28 07:49:53Z onReceive message
2024-04-28 07:49:53Z onReceive message
2024-04-28 07:49:53Z onReceive message
2024-04-28 07:49:53Z onReceive message
2024-04-28 07:50:10Z onReceive message
2024-04-28 07:50:10Z onReceive message
2024-04-28 07:50:10Z onReceive message
2024-04-28 07:50:10Z onReceive message
2024-04-28 07:50:10Z onReceive message
2024-04-28 07:50:10Z onReceive message
2024-04-28 07:50:10Z onReceive message
2024-04-28 07:50:10Z onReceive message
2024-04-28 07:50:12Z onReceive message
2024-04-28 07:50:16Z onReceive message
2024-04-28 07:50:18Z onReceive message
2024-04-28 07:50:18Z ws disconnect: Lost
2024-04-28 07:50:26Z Gf::get Unable to connect to the remote server
2024-04-28 07:50:26Z ws disconnect: Error
2024-04-28 07:50:26Z MainForm::onWebsocketdisconnect start Gf
2024-04-28 07:50:27Z Gf::get The remote name could not be resolved: 'www.bola003.com'
2024-04-28 07:50:29Z Gf::get The remote name could not be resolved: 'www.bola003.com'
2024-04-28 07:50:29Z Gf::get The remote name could not be resolved: 'www.bola003.com'
2024-04-28 07:50:29Z Gf::parse Root element is missing.
2024-04-28 07:51:32Z ws disconnect: Error
2024-04-28 07:51:32Z Gf::get Unable to connect to the remote server
2024-04-28 07:54:32Z Gf::get The remote name could not be resolved: 'www.bola003.com'
2024-04-28 07:54:32Z Gf::parse Root element is missing.
2024-04-28 07:54:33Z Gf::get The remote name could not be resolved: 'www.bola003.com'
2024-04-28 07:54:34Z Gf::get The remote name could not be resolved: 'www.bola003.com'
2024-04-28 07:54:35Z Gf::get The remote name could not be resolved: 'www.bola003.com'
2024-04-28 07:54:35Z Gf::parse Root element is missing.
2024-04-28 07:54:36Z Gf::get The remote name could not be resolved: 'www.bola003.com'
2024-04-28 09:36:41Z onReceive message
2024-04-28 09:36:43Z onReceive message
2024-04-28 09:36:45Z onReceive message
2024-04-28 09:36:59Z onReceive message
2024-04-28 09:37:01Z onReceive message
2024-04-28 09:37:03Z onReceive message
2024-04-28 09:47:39Z onReceive message
2024-04-28 09:47:41Z onReceive message
2024-04-28 09:47:47Z onReceive message
2024-04-28 09:47:50Z onReceive message
2024-04-28 09:47:51Z onReceive message
2024-04-28 09:47:55Z onReceive message
2024-04-28 09:48:12Z onReceive message
2024-04-28 09:48:13Z onReceive message
2024-04-28 09:48:16Z onReceive message
2024-04-28 09:48:19Z onReceive message
2024-04-28 09:48:27Z onReceive message
2024-04-28 09:48:29Z onReceive message
2024-04-28 09:48:41Z onReceive message
2024-04-28 09:48:43Z onReceive message
2024-04-28 09:48:56Z onReceive message
2024-04-28 09:49:09Z onReceive message
2024-04-28 09:49:20Z onReceive message
2024-04-28 09:49:24Z onReceive message
2024-04-28 09:49:33Z onReceive message
2024-04-28 09:49:42Z onReceive message
2024-04-28 09:49:44Z onReceive message
2024-04-28 09:49:48Z onReceive message
2024-04-28 09:50:31Z onReceive message
2024-04-28 09:50:36Z onReceive message
2024-04-28 09:50:40Z onReceive message
2024-04-28 09:50:42Z onReceive message
2024-04-28 09:50:46Z onReceive message
2024-04-28 09:50:50Z onReceive message
2024-04-28 09:50:52Z onReceive message
2024-04-28 09:51:05Z onReceive message
2024-04-28 09:51:08Z onReceive message
2024-04-28 09:51:14Z onReceive message
2024-04-28 09:51:23Z onReceive message
2024-04-28 09:51:32Z onReceive message
2024-04-28 09:51:38Z onReceive message
2024-04-28 09:51:45Z onReceive message
2024-04-28 09:51:47Z onReceive message
2024-04-28 09:51:48Z onReceive message
2024-04-28 09:57:27Z onReceive message
2024-04-28 09:57:30Z onReceive message
2024-04-28 09:57:33Z onReceive message
2024-04-28 09:57:35Z onReceive message
2024-04-28 09:57:37Z onReceive message
2024-04-28 09:57:39Z onReceive message
2024-04-28 10:03:11Z onReceive message
2024-04-28 10:03:24Z onReceive message
2024-04-28 10:03:25Z onReceive message
2024-04-28 10:03:32Z onReceive message
2024-04-28 10:03:35Z onReceive message
2024-04-28 10:03:43Z onReceive message
2024-04-28 10:10:58Z onReceive message
2024-04-28 10:14:17Z onReceive message
2024-04-28 10:14:17Z Gf::parse::for Input string was not in a correct format.
2024-04-28 10:14:25Z onReceive message
2024-04-28 10:14:33Z onReceive message
2024-04-28 10:14:35Z onReceive message
2024-04-28 10:14:46Z onReceive message
2024-04-28 10:14:50Z onReceive message
2024-04-28 10:14:53Z onReceive message
2024-04-28 10:15:02Z onReceive message
2024-04-28 10:15:05Z onReceive message
2024-04-28 10:15:05Z Gf::parse::for Input string was not in a correct format.
2024-04-28 10:15:05Z Gf::parse::for Input string was not in a correct format.
2024-04-28 10:15:08Z onReceive message
2024-04-28 10:15:08Z Gf::parse::for Input string was not in a correct format.
2024-04-28 10:15:09Z onReceive message
2024-04-28 10:15:19Z onReceive message
2024-04-28 10:15:31Z onReceive message
2024-04-28 10:15:37Z onReceive message
2024-04-28 10:15:39Z onReceive message
2024-04-28 10:15:45Z onReceive message
2024-04-28 10:15:46Z onReceive message
2024-04-28 10:15:46Z Gf::parse::for Input string was not in a correct format.
2024-04-28 10:15:48Z onReceive message
2024-04-28 10:15:58Z onReceive message
2024-04-28 10:16:06Z onReceive message
2024-04-28 10:16:06Z Gf::parse::for Input string was not in a correct format.
2024-04-28 10:16:13Z onReceive message
2024-04-28 10:16:16Z onReceive message
2024-04-28 10:16:18Z onReceive message
2024-04-28 10:16:32Z onReceive message
2024-04-28 10:16:35Z onReceive message
2024-04-28 10:16:37Z onReceive message
2024-04-28 10:16:39Z onReceive message
2024-04-28 10:16:44Z onReceive message
2024-04-28 10:21:39Z onReceive message
2024-04-28 10:21:43Z Gf::parse::for Input string was not in a correct format.
2024-04-28 10:21:43Z Gf::parse::for Input string was not in a correct format.
2024-04-28 10:21:43Z onReceive message
2024-04-28 10:21:43Z onReceive message
2024-04-28 10:21:43Z onReceive message
2024-04-28 10:21:43Z onReceive message
2024-04-28 10:21:43Z onReceive message
2024-04-28 10:21:43Z onReceive message
2024-04-28 10:21:43Z onReceive message
2024-04-28 10:21:43Z onReceive message
2024-04-28 10:21:43Z Gf::parse::for Index was out of range. Must be non-negative and less than the size of the collection.
Parameter name: index
2024-04-28 10:21:43Z onReceive message
2024-04-28 10:21:43Z Gf::parse::for Index was out of range. Must be non-negative and less than the size of the collection.
Parameter name: index
2024-04-28 10:21:43Z onReceive message
2024-04-28 10:21:43Z onReceive message
2024-04-28 10:21:43Z onReceive message
2024-04-28 10:21:43Z onReceive message
2024-04-28 10:21:43Z onReceive message
2024-04-28 10:21:43Z onReceive message
2024-04-28 10:21:43Z Gf::parse::for Index was out of range. Must be non-negative and less than the size of the collection.
Parameter name: index
2024-04-28 10:21:44Z onReceive message
2024-04-28 10:21:50Z onReceive message
2024-04-28 10:21:55Z onReceive message
2024-04-28 10:21:57Z onReceive message
2024-04-28 10:22:04Z onReceive message
2024-04-28 10:22:14Z onReceive message
2024-04-28 10:22:16Z onReceive message
2024-04-28 10:22:19Z onReceive message
2024-04-28 10:22:22Z onReceive message
2024-04-28 10:22:24Z onReceive message
2024-04-28 10:22:28Z onReceive message
2024-04-28 10:22:37Z onReceive message
2024-04-28 10:22:44Z onReceive message
2024-04-28 10:22:52Z onReceive message
2024-04-28 10:23:26Z onReceive message
2024-04-28 10:23:28Z onReceive message
2024-04-28 10:23:38Z onReceive message
2024-04-28 10:23:53Z onReceive message
2024-04-28 10:23:59Z onReceive message
2024-04-28 10:24:01Z onReceive message
2024-04-28 10:24:06Z onReceive message
2024-04-28 10:24:12Z onReceive message
2024-04-28 10:24:16Z onReceive message
2024-04-28 10:24:25Z onReceive message
2024-04-28 10:24:31Z onReceive message
2024-04-28 10:24:37Z onReceive message
2024-04-28 10:24:43Z onReceive message
2024-04-28 10:25:09Z onReceive message
2024-04-28 10:25:13Z onReceive message
2024-04-28 10:25:19Z onReceive message
2024-04-28 10:25:21Z onReceive message
2024-04-28 10:25:38Z onReceive message
2024-04-28 10:25:47Z onReceive message
2024-04-28 10:25:54Z onReceive message
2024-04-28 10:26:00Z onReceive message
2024-04-28 10:26:18Z onReceive message
2024-04-28 10:26:36Z onReceive message
2024-04-28 10:26:39Z onReceive message
2024-04-28 10:27:05Z onReceive message
2024-04-28 10:27:20Z onReceive message
2024-04-28 10:27:22Z onReceive message
2024-04-28 10:27:23Z onReceive message
2024-04-28 10:27:28Z onReceive message
2024-04-28 10:27:31Z onReceive message
2024-04-28 10:27:42Z onReceive message
2024-04-28 10:27:52Z onReceive message
2024-04-28 10:27:59Z onReceive message
2024-04-28 10:28:08Z onReceive message
2024-04-28 10:28:11Z onReceive message
2024-04-28 10:28:20Z onReceive message
2024-04-28 10:28:29Z onReceive message
2024-04-28 10:28:32Z onReceive message
2024-04-28 10:28:36Z onReceive message
2024-04-28 10:28:38Z onReceive message
2024-04-28 10:28:40Z onReceive message
2024-04-28 10:28:46Z onReceive message
2024-04-28 10:28:51Z onReceive message
2024-04-28 10:28:54Z onReceive message
2024-04-28 10:28:57Z onReceive message
2024-04-28 10:29:04Z onReceive message
2024-04-28 10:29:12Z onReceive message
2024-04-28 10:29:21Z onReceive message
2024-04-28 10:29:28Z onReceive message
2024-04-28 10:29:36Z onReceive message
2024-04-28 10:29:40Z onReceive message
2024-04-28 10:29:45Z onReceive message
2024-04-28 10:29:46Z onReceive message
2024-04-28 10:30:01Z onReceive message
2024-04-28 10:30:05Z onReceive message
2024-04-28 10:30:37Z onReceive message
2024-04-28 10:30:39Z onReceive message
2024-04-28 10:30:41Z onReceive message
2024-04-28 10:30:54Z onReceive message
2024-04-28 10:30:56Z onReceive message
2024-04-28 10:31:01Z onReceive message
2024-04-28 10:31:20Z onReceive message
2024-04-28 10:31:22Z onReceive message
2024-04-28 10:31:30Z onReceive message
2024-04-28 10:31:36Z onReceive message
2024-04-28 10:31:44Z onReceive message
2024-04-28 10:31:46Z onReceive message
2024-04-28 10:31:57Z onReceive message
2024-04-28 10:32:02Z onReceive message
2024-04-28 10:32:21Z onReceive message
2024-04-28 10:32:26Z onReceive message
2024-04-28 10:32:32Z onReceive message
2024-04-28 10:32:43Z onReceive message
2024-04-28 10:43:43Z onReceive message
2024-04-28 10:43:48Z onReceive message
2024-04-28 10:43:53Z onReceive message
2024-04-28 10:43:57Z onReceive message
2024-04-28 10:44:08Z onReceive message
2024-04-28 10:44:15Z onReceive message
2024-04-28 10:44:18Z onReceive message
2024-04-28 10:44:20Z onReceive message
2024-04-28 10:44:22Z onReceive message
2024-04-28 10:44:22Z Gf::parse::for Input string was not in a correct format.
2024-04-28 10:44:24Z onReceive message
2024-04-28 10:44:26Z onReceive message
2024-04-28 10:44:30Z onReceive message
2024-04-28 10:44:36Z onReceive message
2024-04-28 10:44:38Z onReceive message
2024-04-28 10:44:43Z onReceive message
2024-04-28 10:44:53Z onReceive message
2024-04-28 10:44:56Z onReceive message
2024-04-28 10:45:23Z onReceive message
2024-04-28 10:45:25Z onReceive message
2024-04-28 10:45:33Z onReceive message
2024-04-28 10:45:37Z onReceive message
2024-04-28 10:45:39Z onReceive message
2024-04-28 11:22:42Z onReceive message
2024-04-28 11:22:44Z onReceive message
2024-04-28 11:22:48Z onReceive message
2024-04-28 11:22:49Z onReceive message
2024-04-28 11:22:54Z onReceive message
2024-04-28 11:22:56Z onReceive message
2024-04-28 11:23:00Z onReceive message
2024-04-28 11:23:01Z onReceive message
2024-04-28 11:23:21Z onReceive message
2024-04-28 11:23:29Z onReceive message
2024-04-28 11:23:32Z onReceive message
2024-04-28 11:23:35Z onReceive message
2024-04-28 11:23:38Z onReceive message
2024-04-28 11:23:42Z onReceive message
2024-04-28 11:23:55Z onReceive message
2024-04-28 11:24:06Z onReceive message
2024-04-28 11:25:06Z onReceive message
2024-04-28 11:25:12Z onReceive message
2024-04-28 11:25:17Z onReceive message
2024-04-28 11:25:18Z onReceive message
2024-04-28 11:25:54Z onReceive message
2024-04-28 11:26:30Z onReceive message
2024-04-28 11:26:41Z onReceive message
2024-04-28 11:27:02Z onReceive message
2024-04-28 11:27:08Z onReceive message
2024-04-28 11:27:10Z onReceive message
2024-04-28 11:27:35Z onReceive message
2024-04-28 11:27:37Z onReceive message
2024-04-28 11:27:47Z onReceive message
2024-04-28 11:27:51Z onReceive message
2024-04-28 11:27:58Z onReceive message
2024-04-28 11:28:15Z onReceive message
2024-04-28 11:28:16Z onReceive message
2024-04-28 11:28:18Z onReceive message
2024-04-28 11:29:09Z onReceive message
2024-04-28 11:29:13Z onReceive message
2024-04-28 11:29:32Z onReceive message
2024-04-28 11:29:38Z onReceive message
2024-04-28 11:29:43Z onReceive message
2024-04-28 11:29:44Z onReceive message
2024-04-28 11:30:30Z onReceive message
2024-04-28 11:30:48Z onReceive message
2024-04-28 12:13:46Z onReceive message
2024-04-28 12:13:48Z onReceive message
2024-04-28 12:13:58Z onReceive message
2024-04-28 12:14:00Z onReceive message
2024-04-28 12:14:01Z onReceive message
2024-04-28 12:14:09Z onReceive message
2024-04-28 12:14:15Z onReceive message
2024-04-28 12:14:17Z onReceive message
2024-04-28 12:14:19Z onReceive message
2024-04-28 12:14:22Z onReceive message
2024-04-28 12:14:25Z onReceive message
2024-04-28 12:14:28Z onReceive message
2024-04-28 12:14:34Z onReceive message
2024-04-28 12:14:46Z onReceive message
2024-04-28 12:14:54Z onReceive message
2024-04-28 12:14:59Z onReceive message
2024-04-28 12:15:06Z onReceive message
2024-04-28 12:15:11Z onReceive message
2024-04-28 12:15:21Z onReceive message
2024-04-28 12:15:30Z onReceive message
2024-04-28 12:15:32Z onReceive message
2024-04-28 12:15:34Z onReceive message
2024-04-28 12:15:35Z onReceive message
2024-04-28 12:15:36Z onReceive message
2024-04-28 12:15:42Z onReceive message
2024-04-28 12:15:50Z onReceive message
2024-04-28 12:15:52Z onReceive message
2024-04-28 12:16:04Z onReceive message
2024-04-28 12:16:07Z onReceive message
2024-04-28 12:16:10Z onReceive message
2024-04-28 12:16:15Z onReceive message
2024-04-28 12:16:16Z onReceive message
2024-04-28 12:16:19Z onReceive message
2024-04-28 12:16:20Z onReceive message
2024-04-28 12:16:21Z onReceive message
2024-04-28 12:16:23Z onReceive message
2024-04-28 12:16:24Z onReceive message
2024-04-28 12:16:30Z onReceive message
2024-04-28 12:16:36Z onReceive message
2024-04-28 12:16:38Z onReceive message
2024-04-28 12:16:42Z onReceive message
2024-04-28 12:16:51Z onReceive message
2024-04-28 12:16:52Z onReceive message
2024-04-28 12:17:12Z onReceive message
2024-04-28 12:17:22Z onReceive message
2024-04-28 12:17:24Z onReceive message
2024-04-28 12:17:42Z onReceive message
2024-04-28 12:18:02Z onReceive message
2024-04-28 12:18:08Z Bf::get The remote server returned an error: (401) Unauthorized.
2024-04-28 12:18:12Z onReceive message
2024-04-28 12:18:12Z onReceive message
2024-04-28 12:18:14Z onReceive message
2024-04-28 12:18:15Z onReceive message
2024-04-28 12:18:17Z onReceive message
2024-04-28 12:18:19Z onReceive message
2024-04-28 12:18:24Z onReceive message
2024-04-28 12:18:31Z onReceive message
2024-04-28 12:18:33Z onReceive message
2024-04-28 12:18:47Z onReceive message
2024-04-28 12:18:56Z onReceive message
2024-04-28 12:19:03Z onReceive message
2024-04-28 12:19:05Z onReceive message
2024-04-28 12:19:12Z onReceive message
2024-04-28 12:19:18Z onReceive message
2024-04-28 12:19:24Z onReceive message
2024-04-28 12:19:25Z onReceive message
2024-04-28 12:19:29Z onReceive message
2024-04-28 12:19:30Z onReceive message
2024-04-28 12:19:43Z onReceive message
2024-04-28 12:19:53Z onReceive message
2024-04-28 12:19:59Z onReceive message
2024-04-28 12:20:18Z onReceive message
2024-04-28 12:20:18Z onReceive message
2024-04-28 12:20:24Z onReceive message
2024-04-28 12:20:24Z onReceive message
2024-04-28 12:20:28Z onReceive message
2024-04-28 12:20:28Z onReceive message
2024-04-28 12:20:31Z onReceive message
2024-04-28 12:20:31Z onReceive message
2024-04-28 12:20:35Z onReceive message
2024-04-28 12:20:35Z onReceive message
2024-04-28 12:20:39Z onReceive message
2024-04-28 12:20:39Z onReceive message
2024-04-28 12:20:41Z onReceive message
2024-04-28 12:20:41Z onReceive message
2024-04-28 12:20:51Z onReceive message
2024-04-28 12:20:51Z onReceive message
2024-04-28 12:20:59Z onReceive message
2024-04-28 12:20:59Z onReceive message
2024-04-28 12:21:04Z onReceive message
2024-04-28 12:21:04Z onReceive message
2024-04-28 12:21:19Z onReceive message
2024-04-28 12:21:19Z onReceive message
2024-04-28 12:21:23Z onReceive message
2024-04-28 12:21:23Z onReceive message
2024-04-28 12:21:30Z onReceive message
2024-04-28 12:21:30Z onReceive message
2024-04-28 12:21:38Z onReceive message
2024-04-28 12:21:38Z onReceive message
2024-04-28 12:21:40Z onReceive message
2024-04-28 12:21:40Z onReceive message
2024-04-28 12:21:52Z onReceive message
2024-04-28 12:21:52Z onReceive message
2024-04-28 12:22:13Z onReceive message
2024-04-28 12:22:13Z onReceive message
2024-04-28 12:22:17Z onReceive message
2024-04-28 12:22:17Z onReceive message
2024-04-28 12:22:21Z onReceive message
2024-04-28 12:22:21Z onReceive message
2024-04-28 12:22:24Z onReceive message
2024-04-28 12:22:24Z onReceive message
2024-04-28 12:22:26Z onReceive message
2024-04-28 12:22:26Z onReceive message
2024-04-28 12:22:31Z onReceive message
2024-04-28 12:22:31Z onReceive message
2024-04-28 12:22:38Z onReceive message
2024-04-28 12:22:38Z onReceive message
2024-04-28 12:22:43Z onReceive message
2024-04-28 12:22:43Z onReceive message
2024-04-28 12:22:47Z onReceive message
2024-04-28 12:22:51Z onReceive message
2024-04-28 12:23:02Z onReceive message
2024-04-28 12:23:17Z onReceive message
2024-04-28 12:24:11Z onReceive message
2024-04-28 12:24:20Z onReceive message
2024-04-28 12:24:52Z onReceive message
2024-04-28 12:24:58Z onReceive message
2024-04-28 12:25:07Z onReceive message
2024-04-28 12:25:10Z onReceive message
2024-04-28 12:25:14Z onReceive message
